{"D:\\Learning\\Learning Docs\\Javascript\\React\\Code\\React\\src\\components\\About.js": {"path":"D:\\Learning\\Learning Docs\\Javascript\\React\\Code\\React\\src\\components\\About.js","statementMap":{"0":{"start":{"line":5,"column":14},"end":{"line":21,"column":1}},"1":{"start":{"line":6,"column":4},"end":{"line":20,"column":5}},"2":{"start":{"line":13,"column":24},"end":{"line":13,"column":47}}},"fnMap":{"0":{"name":"(anonymous_0)","decl":{"start":{"line":5,"column":14},"end":{"line":5,"column":15}},"loc":{"start":{"line":5,"column":20},"end":{"line":21,"column":1}},"line":5},"1":{"name":"(anonymous_1)","decl":{"start":{"line":12,"column":21},"end":{"line":12,"column":22}},"loc":{"start":{"line":13,"column":24},"end":{"line":13,"column":47}},"line":13}},"branchMap":{},"s":{"0":1,"1":0,"2":0},"f":{"0":0,"1":0},"b":{},"_coverageSchema":"1a1c01bbd47fc00a2c39e90264f33305004495a9","hash":"70fe8bfce918932a6aa5bf1b0a6ed518a6bb0321"}
,"D:\\Learning\\Learning Docs\\Javascript\\React\\Code\\React\\src\\components\\Body.js": {"path":"D:\\Learning\\Learning Docs\\Javascript\\React\\Code\\React\\src\\components\\Body.js","statementMap":{"0":{"start":{"line":10,"column":13},"end":{"line":107,"column":1}},"1":{"start":{"line":12,"column":48},"end":{"line":12,"column":60}},"2":{"start":{"line":13,"column":54},"end":{"line":13,"column":66}},"3":{"start":{"line":16,"column":34},"end":{"line":16,"column":46}},"4":{"start":{"line":18,"column":31},"end":{"line":18,"column":65}},"5":{"start":{"line":20,"column":2},"end":{"line":22,"column":8}},"6":{"start":{"line":21,"column":4},"end":{"line":21,"column":15}},"7":{"start":{"line":25,"column":20},"end":{"line":35,"column":3}},"8":{"start":{"line":26,"column":17},"end":{"line":28,"column":5}},"9":{"start":{"line":29,"column":17},"end":{"line":29,"column":34}},"10":{"start":{"line":31,"column":4},"end":{"line":33,"column":5}},"11":{"start":{"line":34,"column":4},"end":{"line":34,"column":96}},"12":{"start":{"line":36,"column":23},"end":{"line":36,"column":40}},"13":{"start":{"line":37,"column":2},"end":{"line":37,"column":39}},"14":{"start":{"line":38,"column":2},"end":{"line":40,"column":3}},"15":{"start":{"line":38,"column":29},"end":{"line":40,"column":3}},"16":{"start":{"line":42,"column":2},"end":{"line":44,"column":3}},"17":{"start":{"line":43,"column":4},"end":{"line":43,"column":24}},"18":{"start":{"line":46,"column":37},"end":{"line":46,"column":60}},"19":{"start":{"line":48,"column":2},"end":{"line":106,"column":3}},"20":{"start":{"line":52,"column":139},"end":{"line":52,"column":168}},"21":{"start":{"line":54,"column":12},"end":{"line":54,"column":36}},"22":{"start":{"line":55,"column":33},"end":{"line":57,"column":15}},"23":{"start":{"line":56,"column":23},"end":{"line":56,"column":91}},"24":{"start":{"line":58,"column":14},"end":{"line":58,"column":51}},"25":{"start":{"line":68,"column":35},"end":{"line":70,"column":15}},"26":{"start":{"line":69,"column":23},"end":{"line":69,"column":47}},"27":{"start":{"line":71,"column":14},"end":{"line":71,"column":47}},"28":{"start":{"line":81,"column":66},"end":{"line":81,"column":93}},"29":{"start":{"line":90,"column":11},"end":{"line":93,"column":17}},"30":{"start":{"line":109,"column":15},"end":{"line":113,"column":1}},"31":{"start":{"line":110,"column":2},"end":{"line":110,"column":26}},"32":{"start":{"line":111,"column":2},"end":{"line":111,"column":72}},"33":{"start":{"line":111,"column":47},"end":{"line":111,"column":71}},"34":{"start":{"line":112,"column":2},"end":{"line":112,"column":31}}},"fnMap":{"0":{"name":"(anonymous_0)","decl":{"start":{"line":10,"column":13},"end":{"line":10,"column":14}},"loc":{"start":{"line":10,"column":19},"end":{"line":107,"column":1}},"line":10},"1":{"name":"(anonymous_1)","decl":{"start":{"line":20,"column":12},"end":{"line":20,"column":13}},"loc":{"start":{"line":20,"column":18},"end":{"line":22,"column":3}},"line":20},"2":{"name":"(anonymous_2)","decl":{"start":{"line":25,"column":20},"end":{"line":25,"column":21}},"loc":{"start":{"line":25,"column":32},"end":{"line":35,"column":3}},"line":25},"3":{"name":"(anonymous_3)","decl":{"start":{"line":52,"column":131},"end":{"line":52,"column":132}},"loc":{"start":{"line":52,"column":138},"end":{"line":52,"column":169}},"line":52},"4":{"name":"(anonymous_4)","decl":{"start":{"line":53,"column":77},"end":{"line":53,"column":78}},"loc":{"start":{"line":53,"column":83},"end":{"line":60,"column":11}},"line":53},"5":{"name":"(anonymous_5)","decl":{"start":{"line":56,"column":16},"end":{"line":56,"column":17}},"loc":{"start":{"line":56,"column":23},"end":{"line":56,"column":91}},"line":56},"6":{"name":"(anonymous_6)","decl":{"start":{"line":67,"column":21},"end":{"line":67,"column":22}},"loc":{"start":{"line":67,"column":27},"end":{"line":72,"column":13}},"line":67},"7":{"name":"(anonymous_7)","decl":{"start":{"line":69,"column":16},"end":{"line":69,"column":17}},"loc":{"start":{"line":69,"column":23},"end":{"line":69,"column":47}},"line":69},"8":{"name":"(anonymous_8)","decl":{"start":{"line":81,"column":59},"end":{"line":81,"column":60}},"loc":{"start":{"line":81,"column":66},"end":{"line":81,"column":93}},"line":81},"9":{"name":"(anonymous_9)","decl":{"start":{"line":89,"column":33},"end":{"line":89,"column":34}},"loc":{"start":{"line":90,"column":11},"end":{"line":93,"column":17}},"line":90},"10":{"name":"(anonymous_10)","decl":{"start":{"line":109,"column":15},"end":{"line":109,"column":16}},"loc":{"start":{"line":109,"column":21},"end":{"line":113,"column":1}},"line":109},"11":{"name":"(anonymous_11)","decl":{"start":{"line":111,"column":40},"end":{"line":111,"column":41}},"loc":{"start":{"line":111,"column":47},"end":{"line":111,"column":71}},"line":111}},"branchMap":{"0":{"loc":{"start":{"line":38,"column":2},"end":{"line":40,"column":3}},"type":"if","locations":[{"start":{"line":38,"column":2},"end":{"line":40,"column":3}},{"start":{},"end":{}}],"line":38},"1":{"loc":{"start":{"line":42,"column":2},"end":{"line":44,"column":3}},"type":"if","locations":[{"start":{"line":42,"column":2},"end":{"line":44,"column":3}},{"start":{},"end":{}}],"line":42},"2":{"loc":{"start":{"line":91,"column":13},"end":{"line":92,"column":67}},"type":"cond-expr","locations":[{"start":{"line":91,"column":41},"end":{"line":91,"column":111}},{"start":{"line":92,"column":11},"end":{"line":92,"column":66}}],"line":91}},"s":{"0":1,"1":5,"2":4,"3":4,"4":4,"5":4,"6":1,"7":4,"8":1,"9":1,"10":1,"11":1,"12":4,"13":4,"14":4,"15":0,"16":4,"17":1,"18":3,"19":3,"20":1,"21":1,"22":1,"23":20,"24":1,"25":0,"26":0,"27":0,"28":0,"29":43,"30":1,"31":0,"32":0,"33":0,"34":0},"f":{"0":5,"1":1,"2":1,"3":1,"4":1,"5":20,"6":0,"7":0,"8":0,"9":43,"10":0,"11":0},"b":{"0":[0,4],"1":[1,3],"2":[0,43]},"_coverageSchema":"1a1c01bbd47fc00a2c39e90264f33305004495a9","hash":"96c95d7c60a0f6e1a88c0ab9d1208c42173c2d79"}
,"D:\\Learning\\Learning Docs\\Javascript\\React\\Code\\React\\src\\components\\ContactUs.js": {"path":"D:\\Learning\\Learning Docs\\Javascript\\React\\Code\\React\\src\\components\\ContactUs.js","statementMap":{"0":{"start":{"line":1,"column":18},"end":{"line":12,"column":1}},"1":{"start":{"line":2,"column":4},"end":{"line":11,"column":5}}},"fnMap":{"0":{"name":"(anonymous_0)","decl":{"start":{"line":1,"column":18},"end":{"line":1,"column":19}},"loc":{"start":{"line":1,"column":23},"end":{"line":12,"column":1}},"line":1}},"branchMap":{},"s":{"0":1,"1":4},"f":{"0":4},"b":{},"_coverageSchema":"1a1c01bbd47fc00a2c39e90264f33305004495a9","hash":"72638bfbfede830f6e66fdc77921747839087f4a"}
,"D:\\Learning\\Learning Docs\\Javascript\\React\\Code\\React\\src\\components\\Header.js": {"path":"D:\\Learning\\Learning Docs\\Javascript\\React\\Code\\React\\src\\components\\Header.js","statementMap":{"0":{"start":{"line":9,"column":15},"end":{"line":63,"column":1}},"1":{"start":{"line":11,"column":23},"end":{"line":11,"column":40}},"2":{"start":{"line":13,"column":15},"end":{"line":13,"column":38}},"3":{"start":{"line":15,"column":20},"end":{"line":15,"column":60}},"4":{"start":{"line":15,"column":43},"end":{"line":15,"column":59}},"5":{"start":{"line":17,"column":38},"end":{"line":17,"column":55}},"6":{"start":{"line":18,"column":2},"end":{"line":62,"column":3}},"7":{"start":{"line":53,"column":47},"end":{"line":55,"column":71}}},"fnMap":{"0":{"name":"(anonymous_0)","decl":{"start":{"line":9,"column":15},"end":{"line":9,"column":16}},"loc":{"start":{"line":9,"column":21},"end":{"line":63,"column":1}},"line":9},"1":{"name":"(anonymous_1)","decl":{"start":{"line":15,"column":32},"end":{"line":15,"column":33}},"loc":{"start":{"line":15,"column":43},"end":{"line":15,"column":59}},"line":15},"2":{"name":"(anonymous_2)","decl":{"start":{"line":52,"column":45},"end":{"line":52,"column":46}},"loc":{"start":{"line":52,"column":51},"end":{"line":56,"column":46}},"line":52}},"branchMap":{"0":{"loc":{"start":{"line":27,"column":13},"end":{"line":27,"column":40}},"type":"cond-expr","locations":[{"start":{"line":27,"column":28},"end":{"line":27,"column":33}},{"start":{"line":27,"column":36},"end":{"line":27,"column":40}}],"line":27},"1":{"loc":{"start":{"line":53,"column":47},"end":{"line":55,"column":71}},"type":"cond-expr","locations":[{"start":{"line":54,"column":49},"end":{"line":54,"column":72}},{"start":{"line":55,"column":49},"end":{"line":55,"column":71}}],"line":53}},"s":{"0":1,"1":5,"2":5,"3":5,"4":9,"5":5,"6":5,"7":1},"f":{"0":5,"1":9,"2":1},"b":{"0":[5,0],"1":[1,0]},"_coverageSchema":"1a1c01bbd47fc00a2c39e90264f33305004495a9","hash":"191f5789fd7267ba2057df3ce9f7aed06f568a43"}
,"D:\\Learning\\Learning Docs\\Javascript\\React\\Code\\React\\src\\components\\ItemList.js": {"path":"D:\\Learning\\Learning Docs\\Javascript\\React\\Code\\React\\src\\components\\ItemList.js","statementMap":{"0":{"start":{"line":5,"column":17},"end":{"line":48,"column":1}},"1":{"start":{"line":6,"column":2},"end":{"line":6,"column":24}},"2":{"start":{"line":8,"column":19},"end":{"line":8,"column":32}},"3":{"start":{"line":10,"column":23},"end":{"line":15,"column":1}},"4":{"start":{"line":12,"column":0},"end":{"line":12,"column":24}},"5":{"start":{"line":17,"column":2},"end":{"line":47,"column":4}},"6":{"start":{"line":20,"column":8},"end":{"line":44,"column":14}},"7":{"start":{"line":40,"column":27},"end":{"line":40,"column":46}}},"fnMap":{"0":{"name":"(anonymous_0)","decl":{"start":{"line":5,"column":17},"end":{"line":5,"column":18}},"loc":{"start":{"line":5,"column":35},"end":{"line":48,"column":1}},"line":5},"1":{"name":"(anonymous_1)","decl":{"start":{"line":10,"column":23},"end":{"line":10,"column":24}},"loc":{"start":{"line":11,"column":0},"end":{"line":15,"column":1}},"line":11},"2":{"name":"(anonymous_2)","decl":{"start":{"line":19,"column":20},"end":{"line":19,"column":21}},"loc":{"start":{"line":20,"column":8},"end":{"line":44,"column":14}},"line":20},"3":{"name":"(anonymous_3)","decl":{"start":{"line":40,"column":21},"end":{"line":40,"column":22}},"loc":{"start":{"line":40,"column":27},"end":{"line":40,"column":46}},"line":40}},"branchMap":{"0":{"loc":{"start":{"line":30,"column":17},"end":{"line":32,"column":53}},"type":"cond-expr","locations":[{"start":{"line":31,"column":20},"end":{"line":31,"column":46}},{"start":{"line":32,"column":20},"end":{"line":32,"column":53}}],"line":30}},"s":{"0":1,"1":0,"2":0,"3":0,"4":0,"5":0,"6":0,"7":0},"f":{"0":0,"1":0,"2":0,"3":0},"b":{"0":[0,0]},"_coverageSchema":"1a1c01bbd47fc00a2c39e90264f33305004495a9","hash":"d3494831f0824ef83dfa28f64c9345898dfe0b8b"}
,"D:\\Learning\\Learning Docs\\Javascript\\React\\Code\\React\\src\\components\\RestaurantCard.js": {"path":"D:\\Learning\\Learning Docs\\Javascript\\React\\Code\\React\\src\\components\\RestaurantCard.js","statementMap":{"0":{"start":{"line":3,"column":18},"end":{"line":5,"column":1}},"1":{"start":{"line":7,"column":23},"end":{"line":26,"column":1}},"2":{"start":{"line":8,"column":24},"end":{"line":8,"column":29}},"3":{"start":{"line":9,"column":82},"end":{"line":9,"column":95}},"4":{"start":{"line":13,"column":4},"end":{"line":25,"column":5}},"5":{"start":{"line":32,"column":34},"end":{"line":43,"column":1}},"6":{"start":{"line":34,"column":4},"end":{"line":42,"column":6}},"7":{"start":{"line":35,"column":8},"end":{"line":41,"column":10}}},"fnMap":{"0":{"name":"(anonymous_0)","decl":{"start":{"line":7,"column":23},"end":{"line":7,"column":24}},"loc":{"start":{"line":7,"column":33},"end":{"line":26,"column":1}},"line":7},"1":{"name":"(anonymous_1)","decl":{"start":{"line":32,"column":34},"end":{"line":32,"column":35}},"loc":{"start":{"line":32,"column":53},"end":{"line":43,"column":1}},"line":32},"2":{"name":"(anonymous_2)","decl":{"start":{"line":34,"column":11},"end":{"line":34,"column":12}},"loc":{"start":{"line":34,"column":21},"end":{"line":42,"column":5}},"line":34}},"branchMap":{},"s":{"0":2,"1":2,"2":44,"3":44,"4":44,"5":2,"6":4,"7":0},"f":{"0":44,"1":4,"2":0},"b":{},"_coverageSchema":"1a1c01bbd47fc00a2c39e90264f33305004495a9","hash":"cdf84d716754cff57b654fbaf325d30991cac0c8"}
,"D:\\Learning\\Learning Docs\\Javascript\\React\\Code\\React\\src\\components\\RestaurantCategory.js": {"path":"D:\\Learning\\Learning Docs\\Javascript\\React\\Code\\React\\src\\components\\RestaurantCategory.js","statementMap":{"0":{"start":{"line":4,"column":27},"end":{"line":27,"column":1}},"1":{"start":{"line":8,"column":24},"end":{"line":12,"column":5}},"2":{"start":{"line":10,"column":8},"end":{"line":10,"column":23}},"3":{"start":{"line":14,"column":4},"end":{"line":26,"column":6}}},"fnMap":{"0":{"name":"(anonymous_0)","decl":{"start":{"line":4,"column":27},"end":{"line":4,"column":28}},"loc":{"start":{"line":4,"column":65},"end":{"line":27,"column":1}},"line":4},"1":{"name":"(anonymous_1)","decl":{"start":{"line":8,"column":24},"end":{"line":8,"column":25}},"loc":{"start":{"line":8,"column":30},"end":{"line":12,"column":5}},"line":8}},"branchMap":{"0":{"loc":{"start":{"line":22,"column":13},"end":{"line":22,"column":75}},"type":"binary-expr","locations":[{"start":{"line":22,"column":13},"end":{"line":22,"column":22}},{"start":{"line":22,"column":26},"end":{"line":22,"column":75}}],"line":22}},"s":{"0":1,"1":0,"2":0,"3":0},"f":{"0":0,"1":0},"b":{"0":[0,0]},"_coverageSchema":"1a1c01bbd47fc00a2c39e90264f33305004495a9","hash":"d60dfbce38e87d172d16d792489c299dae326a09"}
,"D:\\Learning\\Learning Docs\\Javascript\\React\\Code\\React\\src\\components\\RestaurantMenu.js": {"path":"D:\\Learning\\Learning Docs\\Javascript\\React\\Code\\React\\src\\components\\RestaurantMenu.js","statementMap":{"0":{"start":{"line":7,"column":23},"end":{"line":69,"column":1}},"1":{"start":{"line":8,"column":32},"end":{"line":8,"column":46}},"2":{"start":{"line":9,"column":20},"end":{"line":9,"column":31}},"3":{"start":{"line":10,"column":37},"end":{"line":10,"column":48}},"4":{"start":{"line":12,"column":2},"end":{"line":14,"column":9}},"5":{"start":{"line":13,"column":4},"end":{"line":13,"column":16}},"6":{"start":{"line":16,"column":20},"end":{"line":22,"column":3}},"7":{"start":{"line":17,"column":17},"end":{"line":17,"column":45}},"8":{"start":{"line":18,"column":17},"end":{"line":18,"column":34}},"9":{"start":{"line":19,"column":4},"end":{"line":19,"column":22}},"10":{"start":{"line":20,"column":4},"end":{"line":20,"column":26}},"11":{"start":{"line":21,"column":4},"end":{"line":21,"column":58}},"12":{"start":{"line":26,"column":2},"end":{"line":26,"column":54}},"13":{"start":{"line":26,"column":23},"end":{"line":26,"column":54}},"14":{"start":{"line":29,"column":4},"end":{"line":29,"column":39}},"15":{"start":{"line":32,"column":4},"end":{"line":32,"column":79}},"16":{"start":{"line":36,"column":4},"end":{"line":40,"column":5}},"17":{"start":{"line":38,"column":8},"end":{"line":39,"column":70}},"18":{"start":{"line":43,"column":2},"end":{"line":68,"column":4}},"19":{"start":{"line":49,"column":10},"end":{"line":51,"column":72}},"20":{"start":{"line":51,"column":30},"end":{"line":51,"column":49}}},"fnMap":{"0":{"name":"(anonymous_0)","decl":{"start":{"line":7,"column":23},"end":{"line":7,"column":24}},"loc":{"start":{"line":7,"column":29},"end":{"line":69,"column":1}},"line":7},"1":{"name":"(anonymous_1)","decl":{"start":{"line":12,"column":12},"end":{"line":12,"column":13}},"loc":{"start":{"line":12,"column":18},"end":{"line":14,"column":3}},"line":12},"2":{"name":"(anonymous_2)","decl":{"start":{"line":16,"column":20},"end":{"line":16,"column":21}},"loc":{"start":{"line":16,"column":32},"end":{"line":22,"column":3}},"line":16},"3":{"name":"(anonymous_3)","decl":{"start":{"line":37,"column":6},"end":{"line":37,"column":7}},"loc":{"start":{"line":38,"column":8},"end":{"line":39,"column":70}},"line":38},"4":{"name":"(anonymous_4)","decl":{"start":{"line":48,"column":24},"end":{"line":48,"column":25}},"loc":{"start":{"line":49,"column":10},"end":{"line":51,"column":72}},"line":49},"5":{"name":"(anonymous_5)","decl":{"start":{"line":51,"column":24},"end":{"line":51,"column":25}},"loc":{"start":{"line":51,"column":30},"end":{"line":51,"column":49}},"line":51}},"branchMap":{"0":{"loc":{"start":{"line":26,"column":2},"end":{"line":26,"column":54}},"type":"if","locations":[{"start":{"line":26,"column":2},"end":{"line":26,"column":54}},{"start":{},"end":{}}],"line":26},"1":{"loc":{"start":{"line":50,"column":23},"end":{"line":50,"column":49}},"type":"binary-expr","locations":[{"start":{"line":50,"column":23},"end":{"line":50,"column":41}},{"start":{"line":50,"column":45},"end":{"line":50,"column":49}}],"line":50}},"s":{"0":1,"1":6,"2":5,"3":5,"4":5,"5":1,"6":5,"7":1,"8":1,"9":1,"10":1,"11":1,"12":5,"13":1,"14":4,"15":0,"16":0,"17":0,"18":0,"19":0,"20":0},"f":{"0":6,"1":1,"2":1,"3":0,"4":0,"5":0},"b":{"0":[1,4],"1":[0,0]},"_coverageSchema":"1a1c01bbd47fc00a2c39e90264f33305004495a9","hash":"0e79be278b2b8de7878371f8820e1d3d3bb96020"}
,"D:\\Learning\\Learning Docs\\Javascript\\React\\Code\\React\\src\\components\\Shimmer.js": {"path":"D:\\Learning\\Learning Docs\\Javascript\\React\\Code\\React\\src\\components\\Shimmer.js","statementMap":{"0":{"start":{"line":1,"column":18},"end":{"line":15,"column":1}},"1":{"start":{"line":2,"column":4},"end":{"line":14,"column":5}}},"fnMap":{"0":{"name":"(anonymous_0)","decl":{"start":{"line":1,"column":18},"end":{"line":1,"column":19}},"loc":{"start":{"line":1,"column":23},"end":{"line":15,"column":1}},"line":1}},"branchMap":{},"s":{"0":2,"1":2},"f":{"0":2},"b":{},"_coverageSchema":"1a1c01bbd47fc00a2c39e90264f33305004495a9","hash":"9e0cec5df95e8a83358e1a9e2b86e42682a51a96"}
,"D:\\Learning\\Learning Docs\\Javascript\\React\\Code\\React\\src\\components\\User.js": {"path":"D:\\Learning\\Learning Docs\\Javascript\\React\\Code\\React\\src\\components\\User.js","statementMap":{"0":{"start":{"line":3,"column":13},"end":{"line":24,"column":1}},"1":{"start":{"line":5,"column":8},"end":{"line":7,"column":16}},"2":{"start":{"line":13,"column":30},"end":{"line":13,"column":41}},"3":{"start":{"line":14,"column":21},"end":{"line":14,"column":32}},"4":{"start":{"line":15,"column":4},"end":{"line":23,"column":5}}},"fnMap":{"0":{"name":"(anonymous_0)","decl":{"start":{"line":3,"column":13},"end":{"line":3,"column":14}},"loc":{"start":{"line":3,"column":24},"end":{"line":24,"column":1}},"line":3},"1":{"name":"(anonymous_1)","decl":{"start":{"line":5,"column":18},"end":{"line":5,"column":19}},"loc":{"start":{"line":5,"column":23},"end":{"line":7,"column":9}},"line":5},"2":{"name":"getUser","decl":{"start":{"line":9,"column":23},"end":{"line":9,"column":30}},"loc":{"start":{"line":9,"column":32},"end":{"line":11,"column":9}},"line":9}},"branchMap":{},"s":{"0":1,"1":0,"2":0,"3":0,"4":0},"f":{"0":0,"1":0,"2":0},"b":{},"_coverageSchema":"1a1c01bbd47fc00a2c39e90264f33305004495a9","hash":"f49b574d0aaf4ea46ff8a77fbcebc1cf38cf06b0"}
,"D:\\Learning\\Learning Docs\\Javascript\\React\\Code\\React\\src\\components\\UserClass.js": {"path":"D:\\Learning\\Learning Docs\\Javascript\\React\\Code\\React\\src\\components\\UserClass.js","statementMap":{"0":{"start":{"line":5,"column":8},"end":{"line":5,"column":21}},"1":{"start":{"line":6,"column":8},"end":{"line":14,"column":10}},"2":{"start":{"line":18,"column":42},"end":{"line":18,"column":61}},"3":{"start":{"line":19,"column":8},"end":{"line":37,"column":9}},"4":{"start":{"line":24,"column":20},"end":{"line":27,"column":23}},"5":{"start":{"line":43,"column":21},"end":{"line":43,"column":79}},"6":{"start":{"line":44,"column":21},"end":{"line":44,"column":38}},"7":{"start":{"line":45,"column":8},"end":{"line":45,"column":25}},"8":{"start":{"line":46,"column":8},"end":{"line":48,"column":10}}},"fnMap":{"0":{"name":"(anonymous_0)","decl":{"start":{"line":4,"column":4},"end":{"line":4,"column":5}},"loc":{"start":{"line":4,"column":22},"end":{"line":16,"column":5}},"line":4},"1":{"name":"(anonymous_1)","decl":{"start":{"line":17,"column":4},"end":{"line":17,"column":5}},"loc":{"start":{"line":17,"column":12},"end":{"line":39,"column":5}},"line":17},"2":{"name":"(anonymous_2)","decl":{"start":{"line":23,"column":33},"end":{"line":23,"column":34}},"loc":{"start":{"line":23,"column":39},"end":{"line":29,"column":17}},"line":23},"3":{"name":"(anonymous_3)","decl":{"start":{"line":41,"column":4},"end":{"line":41,"column":5}},"loc":{"start":{"line":41,"column":29},"end":{"line":49,"column":5}},"line":41}},"branchMap":{},"s":{"0":0,"1":0,"2":0,"3":0,"4":0,"5":0,"6":0,"7":0,"8":0},"f":{"0":0,"1":0,"2":0,"3":0},"b":{},"_coverageSchema":"1a1c01bbd47fc00a2c39e90264f33305004495a9","hash":"b351a73432f7da6018db15d044fb822a91eff548"}
,"D:\\Learning\\Learning Docs\\Javascript\\React\\Code\\React\\src\\components\\sum.js": {"path":"D:\\Learning\\Learning Docs\\Javascript\\React\\Code\\React\\src\\components\\sum.js","statementMap":{"0":{"start":{"line":1,"column":19},"end":{"line":3,"column":1}},"1":{"start":{"line":2,"column":4},"end":{"line":2,"column":17}}},"fnMap":{"0":{"name":"(anonymous_0)","decl":{"start":{"line":1,"column":19},"end":{"line":1,"column":20}},"loc":{"start":{"line":1,"column":28},"end":{"line":3,"column":1}},"line":1}},"branchMap":{},"s":{"0":1,"1":1},"f":{"0":1},"b":{},"_coverageSchema":"1a1c01bbd47fc00a2c39e90264f33305004495a9","hash":"c933b66278bbc8dda78c3b4f613920a06770d090"}
,"D:\\Learning\\Learning Docs\\Javascript\\React\\Code\\React\\src\\utils\\Appstore.js": {"path":"D:\\Learning\\Learning Docs\\Javascript\\React\\Code\\React\\src\\utils\\Appstore.js","statementMap":{"0":{"start":{"line":4,"column":17},"end":{"line":8,"column":2}}},"fnMap":{},"branchMap":{},"s":{"0":1},"f":{},"b":{},"_coverageSchema":"1a1c01bbd47fc00a2c39e90264f33305004495a9","hash":"a696fc88e84da5305a159df44d291ed22b4aa546"}
,"D:\\Learning\\Learning Docs\\Javascript\\React\\Code\\React\\src\\utils\\CartSlice.js": {"path":"D:\\Learning\\Learning Docs\\Javascript\\React\\Code\\React\\src\\utils\\CartSlice.js","statementMap":{"0":{"start":{"line":3,"column":18},"end":{"line":20,"column":2}},"1":{"start":{"line":10,"column":12},"end":{"line":10,"column":45}},"2":{"start":{"line":13,"column":12},"end":{"line":13,"column":30}},"3":{"start":{"line":17,"column":12},"end":{"line":17,"column":34}},"4":{"start":{"line":24,"column":46},"end":{"line":24,"column":63}}},"fnMap":{"0":{"name":"(anonymous_0)","decl":{"start":{"line":9,"column":18},"end":{"line":9,"column":19}},"loc":{"start":{"line":9,"column":36},"end":{"line":11,"column":9}},"line":9},"1":{"name":"(anonymous_1)","decl":{"start":{"line":12,"column":21},"end":{"line":12,"column":22}},"loc":{"start":{"line":12,"column":39},"end":{"line":15,"column":9}},"line":12},"2":{"name":"(anonymous_2)","decl":{"start":{"line":16,"column":20},"end":{"line":16,"column":21}},"loc":{"start":{"line":16,"column":30},"end":{"line":18,"column":9}},"line":16}},"branchMap":{},"s":{"0":2,"1":0,"2":0,"3":0,"4":2},"f":{"0":0,"1":0,"2":0},"b":{},"_coverageSchema":"1a1c01bbd47fc00a2c39e90264f33305004495a9","hash":"eb2ba38ae587afc86727bf37d1dda3bfcc2b1989"}
,"D:\\Learning\\Learning Docs\\Javascript\\React\\Code\\React\\src\\utils\\UserContext.js": {"path":"D:\\Learning\\Learning Docs\\Javascript\\React\\Code\\React\\src\\utils\\UserContext.js","statementMap":{"0":{"start":{"line":3,"column":20},"end":{"line":5,"column":2}}},"fnMap":{},"branchMap":{},"s":{"0":2},"f":{},"b":{},"_coverageSchema":"1a1c01bbd47fc00a2c39e90264f33305004495a9","hash":"7677feba0b84de576d62f67c54c36f759aa64a46"}
,"D:\\Learning\\Learning Docs\\Javascript\\React\\Code\\React\\src\\utils\\constants.js": {"path":"D:\\Learning\\Learning Docs\\Javascript\\React\\Code\\React\\src\\utils\\constants.js","statementMap":{"0":{"start":{"line":1,"column":22},"end":{"line":1,"column":105}},"1":{"start":{"line":2,"column":23},"end":{"line":2,"column":151}},"2":{"start":{"line":3,"column":23},"end":{"line":3,"column":152}}},"fnMap":{},"branchMap":{},"s":{"0":4,"1":4,"2":4},"f":{},"b":{},"_coverageSchema":"1a1c01bbd47fc00a2c39e90264f33305004495a9","hash":"c9ebde82c4aea74033174501f212bcec3cb6e345"}
,"D:\\Learning\\Learning Docs\\Javascript\\React\\Code\\React\\src\\utils\\data.js": {"path":"D:\\Learning\\Learning Docs\\Javascript\\React\\Code\\React\\src\\utils\\data.js","statementMap":{"0":{"start":{"line":1,"column":22},"end":{"line":1446,"column":3}}},"fnMap":{},"branchMap":{},"s":{"0":1},"f":{},"b":{},"_coverageSchema":"1a1c01bbd47fc00a2c39e90264f33305004495a9","hash":"39980eaa4b6f7225fd9454f537117e3eba524be2"}
,"D:\\Learning\\Learning Docs\\Javascript\\React\\Code\\React\\src\\utils\\useOnineStatus.js": {"path":"D:\\Learning\\Learning Docs\\Javascript\\React\\Code\\React\\src\\utils\\useOnineStatus.js","statementMap":{"0":{"start":{"line":3,"column":24},"end":{"line":20,"column":1}},"1":{"start":{"line":4,"column":44},"end":{"line":4,"column":58}},"2":{"start":{"line":6,"column":4},"end":{"line":16,"column":10}},"3":{"start":{"line":7,"column":8},"end":{"line":10,"column":11}},"4":{"start":{"line":8,"column":12},"end":{"line":8,"column":35}},"5":{"start":{"line":11,"column":8},"end":{"line":14,"column":11}},"6":{"start":{"line":12,"column":12},"end":{"line":12,"column":34}},"7":{"start":{"line":18,"column":4},"end":{"line":18,"column":24}}},"fnMap":{"0":{"name":"(anonymous_0)","decl":{"start":{"line":3,"column":24},"end":{"line":3,"column":25}},"loc":{"start":{"line":3,"column":29},"end":{"line":20,"column":1}},"line":3},"1":{"name":"(anonymous_1)","decl":{"start":{"line":6,"column":14},"end":{"line":6,"column":15}},"loc":{"start":{"line":6,"column":19},"end":{"line":16,"column":5}},"line":6},"2":{"name":"(anonymous_2)","decl":{"start":{"line":7,"column":44},"end":{"line":7,"column":45}},"loc":{"start":{"line":7,"column":48},"end":{"line":10,"column":9}},"line":7},"3":{"name":"(anonymous_3)","decl":{"start":{"line":11,"column":43},"end":{"line":11,"column":44}},"loc":{"start":{"line":11,"column":47},"end":{"line":14,"column":9}},"line":11}},"branchMap":{},"s":{"0":2,"1":9,"2":9,"3":5,"4":0,"5":5,"6":0,"7":9},"f":{"0":9,"1":5,"2":0,"3":0},"b":{},"_coverageSchema":"1a1c01bbd47fc00a2c39e90264f33305004495a9","hash":"429eb2112fff95add68c912d92acfbab283235df"}
}
